VPR FPGA Placement and Routing.
Version: 8.1.0-dev+dadca7ecf
Revision: v8.0.0-rc2-2909-gdadca7ecf
Compiled: 2023-03-27T18:00:55
Compiler: GNU 10.2.1 on Linux-5.4.0-faked aarch64
Build Info: release IPO VTR_ASSERT_LEVEL=2

University of Toronto
verilogtorouting.org
vtr-users@googlegroups.com
This is free open source code under MIT license.

VPR was run with the following command-line:
vpr /data/data/com.termux/files/home/symbiflow/quicklogic-arch-defs/share/arch/ql-eos-s3_wlcsp/arch.timing.xml inc_decoder.eblif --device ql-eos-s3 --max_router_iterations 500 --routing_failure_predictor off --router_high_fanout_threshold -1 --constant_net_method route --route_chan_width 100 --clock_modeling route --place_delay_model delta_override --router_lookahead map --check_route quick --strict_checks off --allow_dangling_combinational_nodes on --disable_errors check_unbuffered_edges:check_route --congested_routing_iteration_threshold 0.8 --incremental_reroute_delay_ripup off --base_cost_type delay_normalized_length_bounded --bb_factor 10 --initial_pres_fac 4.0 --check_rr_graph off --suppress_warnings ,sum_pin_class:check_unbuffered_edges:load_rr_indexed_data_T_values:check_rr_node:trans_per_R:check_route:set_rr_graph_tool_comment:warn_model_missing_timing --read_rr_graph /data/data/com.termux/files/home/symbiflow/quicklogic-arch-defs/share/arch/ql-eos-s3_wlcsp/rr_graph_ql-eos-s3_wlcsp.rr_graph.real.bin --read_placement_delay_lookup /data/data/com.termux/files/home/symbiflow/quicklogic-arch-defs/share/arch/ql-eos-s3_wlcsp/rr_graph_ql-eos-s3_wlcsp.place_delay.bin --sdc_file /data/data/com.termux/files/home/fpga-examples/decoders/build/inc_decoder_dummy.sdc --route


Architecture file: /data/data/com.termux/files/home/symbiflow/quicklogic-arch-defs/share/arch/ql-eos-s3_wlcsp/arch.timing.xml
Circuit name: inc_decoder

# Loading Architecture Description
# Loading Architecture Description took 1.42 seconds (max_rss 36.0 MiB, delta_rss +23.1 MiB)
# Building complex block graph
# Building complex block graph took 0.39 seconds (max_rss 42.8 MiB, delta_rss +6.8 MiB)
# Load circuit
# Load circuit took 0.07 seconds (max_rss 44.7 MiB, delta_rss +2.0 MiB)
# Clean circuit
Absorbed 1174 LUT buffers
Inferred  106 additional primitive pins as constant generators since they have no combinationally connected inputs
Inferred   37 additional primitive pins as constant generators due to constant inputs
Inferred    0 additional primitive pins as constant generators since they have no combinationally connected inputs
Inferred    0 additional primitive pins as constant generators due to constant inputs
Inferred    0 additional primitive pins as constant generators since they have no combinationally connected inputs
Inferred    0 additional primitive pins as constant generators due to constant inputs
Swept input(s)      : 0
Swept output(s)     : 0 (0 dangling, 0 constant)
Swept net(s)        : 141
Swept block(s)      : 1
Constant Pins Marked: 143
# Clean circuit took 0.06 seconds (max_rss 45.8 MiB, delta_rss +1.1 MiB)
# Compress circuit
# Compress circuit took 0.01 seconds (max_rss 45.8 MiB, delta_rss +0.0 MiB)
# Verify circuit
# Verify circuit took 0.00 seconds (max_rss 45.8 MiB, delta_rss +0.0 MiB)
Circuit Statistics:
  Blocks: 151
    .output   :       7
    ASSP      :       1
    BIDIR_CELL:       7
    C_FRAG    :      33
    F_FRAG    :       2
    GND       :       1
    Q_FRAG    :      39
    T_FRAG    :      60
    VCC       :       1
  Nets  : 144
    Avg Fanout:     9.1
    Max Fanout:   578.0
    Min Fanout:     1.0
  Netlist Clocks: 1
# Build Timing Graph
  Timing Graph Nodes: 1461
  Timing Graph Edges: 2381
  Timing Graph Levels: 24
# Build Timing Graph took 0.01 seconds (max_rss 45.8 MiB, delta_rss +0.0 MiB)
Netlist contains 1 clocks
  Netlist Clock 'clk' Fanout: 39 pins (2.7%), 39 blocks (25.8%)
# Load Timing Constraints

SDC file '/data/data/com.termux/files/home/fpga-examples/decoders/build/inc_decoder_dummy.sdc' contained no SDC commands
Setting default timing constraints:
   * constrain all primay inputs and primary outputs on netlist clock 'clk'
   * optimize netlist clock to run as fast as possible
Timing constraints created 1 clocks
  Constrained Clock 'clk' Source: 'u_qlal4s3b_cell_macro.Sys_Clk0[0]'

# Load Timing Constraints took 0.00 seconds (max_rss 45.8 MiB, delta_rss +0.0 MiB)
Timing analysis: ON
Circuit netlist file: inc_decoder.net
Circuit placement file: inc_decoder.place
Circuit routing file: inc_decoder.route
Circuit SDC file: /data/data/com.termux/files/home/fpga-examples/decoders/build/inc_decoder_dummy.sdc

Packer: ENABLED
Placer: ENABLED
Router: ENABLED
Analysis: ENABLED

NetlistOpts.abosrb_buffer_luts            : true
NetlistOpts.sweep_dangling_primary_ios    : true
NetlistOpts.sweep_dangling_nets           : true
NetlistOpts.sweep_dangling_blocks         : true
NetlistOpts.sweep_constant_primary_outputs: false
NetlistOpts.netlist_verbosity             : 1
NetlistOpts.const_gen_inference           : COMB_SEQ

PackerOpts.allow_unrelated_clustering: auto
PackerOpts.alpha_clustering: 0.750000
PackerOpts.beta_clustering: 0.900000
PackerOpts.cluster_seed_type: BLEND2
PackerOpts.connection_driven: true
PackerOpts.global_clocks: true
PackerOpts.hill_climbing_flag: false
PackerOpts.inter_cluster_net_delay: 1.000000
PackerOpts.timing_driven: true
PackerOpts.target_external_pin_util: auto

PlacerOpts.place_freq: PLACE_ONCE
PlacerOpts.place_algorithm: CRITICALITY_TIMING_PLACE
PlacerOpts.pad_loc_type: FREE
PlacerOpts.constraints_file: No constraints file given
PlacerOpts.place_cost_exp: 1.000000
PlacerOpts.place_chan_width: 100
PlacerOpts.inner_loop_recompute_divider: 0
PlacerOpts.recompute_crit_iter: 1
PlacerOpts.timing_tradeoff: 0.500000
PlacerOpts.td_place_exp_first: 1.000000
PlacerOpts.td_place_exp_last: 8.000000
PlacerOpts.delay_offset: 0.000000
PlacerOpts.delay_ramp_delta_threshold: -1
PlacerOpts.delay_ramp_slope: 0.000000
PlacerOpts.tsu_rel_margin: 1.000000
PlacerOpts.tsu_abs_margin: 0.000000
PlacerOpts.post_place_timing_report_file: 
PlacerOpts.allowed_tiles_for_delay_model: 
PlacerOpts.delay_model_reducer: MIN
PlacerOpts.delay_model_type: DELTA_OVERRIDE
PlacerOpts.rlim_escape_fraction: 0.000000
PlacerOpts.move_stats_file: 
PlacerOpts.placement_saves_per_temperature: 0
PlacerOpts.effort_scaling: CIRCUIT
PlacerOpts.place_delta_delay_matrix_calculation_method: ASTAR_ROUTE
PlaceOpts.seed: 1
AnnealSched.type: AUTO_SCHED
AnnealSched.inner_num: 1.000000

RouterOpts.route_type: DETAILED
RouterOpts.router_algorithm: TIMING_DRIVEN
RouterOpts.base_cost_type: DELAY_NORMALIZED_LENGTH_BOUNDED
RouterOpts.fixed_channel_width: 100
RouterOpts.check_route: QUICK
RouterOpts.trim_empty_chan: false
RouterOpts.trim_obs_chan: false
RouterOpts.acc_fac: 1.000000
RouterOpts.bb_factor: 10
RouterOpts.bend_cost: 0.000000
RouterOpts.first_iter_pres_fac: 0.000000
RouterOpts.initial_pres_fac: 4.000000
RouterOpts.pres_fac_mult: 1.300000
RouterOpts.max_router_iterations: 500
RouterOpts.min_incremental_reroute_fanout: 16
RouterOpts.do_check_rr_graph: false
RouterOpts.verify_binary_search: false
RouterOpts.min_channel_width_hint: 0
RouterOpts.read_rr_edge_metadata: false
RouterOpts.exit_after_first_routing_iteration: false
RouterOpts.astar_fac: 1.200000
RouterOpts.criticality_exp: 1.000000
RouterOpts.max_criticality: 0.990000
RouterOpts.init_wirelength_abort_threshold: 0.850000
RouterOpts.save_routing_per_iteration: false
RouterOpts.congested_routing_iteration_threshold_frac: 0.800000
RouterOpts.high_fanout_threshold: -1
RouterOpts.router_debug_net: -2
RouterOpts.router_debug_sink_rr: -2
RouterOpts.router_debug_iteration: -2
RouterOpts.max_convergence_count: 1
RouterOpts.reconvergence_cpd_threshold: 0.990000
RouterOpts.update_lower_bound_delays: true
RouterOpts.first_iteration_timing_report_file: 
RouterOpts.incr_reroute_delay_ripup: OFF
RouterOpts.route_bb_update: DYNAMIC
RouterOpts.lookahead_type: MAP
RouterOpts.initial_timing: LOOKAHEAD
RouterOpts.router_heap: BINARY_HEAP
RouterOpts.routing_failure_predictor = OFF
RouterOpts.routing_budgets_algorithm = DISABLE

AnalysisOpts.gen_post_synthesis_netlist: false
AnalysisOpts.timing_report_npaths: 100
AnalysisOpts.timing_report_skew: false
AnalysisOpts.echo_dot_timing_graph_node: -1
AnalysisOpts.timing_report_detail: NETLIST

RoutingArch.directionality: BI_DIRECTIONAL
RoutingArch.switch_block_type: WILTON
RoutingArch.Fs: 3

# Load Packing
Begin loading packed FPGA netlist file.
Netlist generated from file 'inc_decoder.net'.
Detected 2 constant generators (to see names run with higher pack verbosity)
Finished loading packed FPGA netlist file (took 0.111154 seconds).
# Load Packing took 0.13 seconds (max_rss 47.2 MiB, delta_rss +1.4 MiB)
Warning 1: Netlist contains 0 global net to non-global architecture pin connections
Warning 2: Logic block #71 ($false) has only 1 output pin '$false.GND0_GND[0]'. It may be a constant generator.
Warning 3: Logic block #72 ($true) has only 1 output pin '$true.VCC0_VCC[0]'. It may be a constant generator.

Netlist num_nets: 103
Netlist num_blocks: 73
Netlist EMPTY blocks: 0.
Netlist PB-GMUX blocks: 0.
Netlist PB-LOGIC blocks: 63.
Netlist PB-CLOCK blocks: 0.
Netlist PB-MULT blocks: 0.
Netlist PB-SDIOMUX blocks: 0.
Netlist PB-RAM blocks: 0.
Netlist PB-SYN_VCC blocks: 1.
Netlist PB-BIDIR blocks: 7.
Netlist PB-SYN_GND blocks: 1.
Netlist PB-ASSP blocks: 1.
Netlist inputs pins: 0
Netlist output pins: 21


Pb types usage...
  PB-LOGIC          : 63
   LOGIC            : 63
    FRAGS           : 63
     c_frag_modes   : 63
      SINGLE        : 33
       c_frag       : 33
      SPLIT         : 30
       b_frag       : 30
       t_frag       : 30
     f_frag         : 2
     q_frag_modes   : 39
      INT           : 34
       q_frag       : 34
      EXT           : 5
       q_frag       : 5
  PB-SYN_VCC        : 1
   VCC              : 1
  PB-BIDIR          : 7
   BIDIR            : 7
    OUTPUT          : 7
     bidir          : 7
     outpad         : 7
  PB-SYN_GND        : 1
   GND              : 1
  PB-ASSP           : 1
   ASSP             : 1

# Create Device
## Build Device Grid
FPGA sized to 39 x 35: 1365 grid tiles (ql-eos-s3)

Resource usage...
	Netlist
		0	blocks of type: PB-GMUX
	Architecture
		5	blocks of type: TL-GMUX
	Netlist
		63	blocks of type: PB-LOGIC
	Architecture
		891	blocks of type: TL-LOGIC
	Netlist
		0	blocks of type: PB-CLOCK
	Architecture
		5	blocks of type: TL-CLOCK
	Netlist
		0	blocks of type: PB-MULT
	Architecture
		2	blocks of type: TL-MULT
	Netlist
		0	blocks of type: PB-SDIOMUX
	Architecture
		14	blocks of type: TL-SDIOMUX
	Netlist
		0	blocks of type: PB-RAM
	Architecture
		4	blocks of type: TL-RAM
	Netlist
		1	blocks of type: PB-SYN_VCC
	Architecture
		1	blocks of type: TL-SYN_VCC
	Netlist
		7	blocks of type: PB-BIDIR
	Architecture
		32	blocks of type: TL-BIDIR
	Netlist
		1	blocks of type: PB-SYN_GND
	Architecture
		1	blocks of type: TL-SYN_GND
	Netlist
		1	blocks of type: PB-ASSP
	Architecture
		1	blocks of type: TL-ASSP

Device Utilization: 0.05 (target 1.00)
	Physical Tile TL-LOGIC:
	Block Utilization: 0.07 Logical Block: PB-LOGIC
	Physical Tile TL-RAM:
	Block Utilization: 0.00 Logical Block: PB-RAM
	Physical Tile TL-MULT:
	Block Utilization: 0.00 Logical Block: PB-MULT
	Physical Tile TL-BIDIR:
	Block Utilization: 0.22 Logical Block: PB-BIDIR
	Physical Tile TL-CLOCK:
	Block Utilization: 0.00 Logical Block: PB-CLOCK
	Physical Tile TL-SDIOMUX:
	Block Utilization: 0.00 Logical Block: PB-SDIOMUX
	Physical Tile TL-GMUX:
	Block Utilization: 0.00 Logical Block: PB-GMUX
	Physical Tile TL-ASSP:
	Block Utilization: 1.00 Logical Block: PB-ASSP
	Physical Tile TL-SYN_VCC:
	Block Utilization: 1.00 Logical Block: PB-SYN_VCC
	Physical Tile TL-SYN_GND:
	Block Utilization: 1.00 Logical Block: PB-SYN_GND

## Build Device Grid took 0.02 seconds (max_rss 47.4 MiB, delta_rss +0.0 MiB)
## Loading routing resource graph


## Loading routing resource graph took 2.06 seconds (max_rss 353.3 MiB, delta_rss +306.0 MiB)
  RR Graph Nodes: 1396446
  RR Graph Edges: 2337988
# Create Device took 6.86 seconds (max_rss 401.0 MiB, delta_rss +353.7 MiB)

# Load Placement
Reading inc_decoder.place.

Successfully read inc_decoder.place.

# Load Placement took 0.00 seconds (max_rss 401.0 MiB, delta_rss +0.0 MiB)

# Computing router lookahead map
## Computing wire lookahead
Warning 4: Unable to find any sample location for segment CHANX type 'generic' (length 1)
Warning 5: Unable to find any sample location for segment CHANY type 'generic' (length 1)
Warning 6: Unable to find any sample location for segment CHANX type 'pad' (length 1)
Warning 7: Unable to find any sample location for segment CHANY type 'pad' (length 1)
## Computing wire lookahead took 75.38 seconds (max_rss 401.0 MiB, delta_rss +0.0 MiB)
## Computing src/opin lookahead
## Computing src/opin lookahead took 0.00 seconds (max_rss 401.0 MiB, delta_rss +0.0 MiB)
# Computing router lookahead map took 75.38 seconds (max_rss 401.0 MiB, delta_rss +0.0 MiB)
# Routing
  RR Graph Nodes: 1396446
  RR Graph Edges: 2337988
Confirming router algorithm: TIMING_DRIVEN.
## Initializing router criticalities
Initial Net Connection Criticality Histogram:
[        0:      0.1) 766 ( 61.5%) |***********************************************
[      0.1:      0.2)   0 (  0.0%) |
[      0.2:      0.3)  25 (  2.0%) |**
[      0.3:      0.4)  68 (  5.5%) |****
[      0.4:      0.5)  54 (  4.3%) |***
[      0.5:      0.6)  42 (  3.4%) |***
[      0.6:      0.7)  30 (  2.4%) |**
[      0.7:      0.8)  37 (  3.0%) |**
[      0.8:      0.9)  91 (  7.3%) |******
[      0.9:        1) 133 ( 10.7%) |********
## Initializing router criticalities took 0.01 seconds (max_rss 459.7 MiB, delta_rss +0.0 MiB)
---- ------ ------- ---- ------- ------- ------- ----------------- --------------- -------- ---------- ---------- ---------- ---------- --------
Iter   Time    pres  BBs    Heap  Re-Rtd  Re-Rtd Overused RR Nodes      Wirelength      CPD       sTNS       sWNS       hTNS       hWNS Est Succ
      (sec)     fac Updt    push    Nets   Conns                                       (ns)       (ns)       (ns)       (ns)       (ns)     Iter
---- ------ ------- ---- ------- ------- ------- ----------------- --------------- -------- ---------- ---------- ---------- ---------- --------
   1   36.9     0.0    0 3.9e+07     103    1246    1875 ( 0.134%)   30929 ( 2.2%)   61.355     -2382.    -61.355      0.000      0.000      N/A
   2   30.5     4.0    0 3.0e+07      88     851     917 ( 0.066%)   31507 ( 2.2%)   61.355     -2386.    -61.355      0.000      0.000      N/A
   3   27.1     5.2    0 2.6e+07      65     653     651 ( 0.047%)   31750 ( 2.2%)   61.394     -2392.    -61.394      0.000      0.000      N/A
   4   15.9     6.8    0 1.6e+07      47     470     349 ( 0.025%)   31893 ( 2.3%)   61.415     -2393.    -61.415      0.000      0.000      N/A
   5   12.5     8.8    0 1.2e+07      41     353     206 ( 0.015%)   32530 ( 2.3%)   61.455     -2397.    -61.455      0.000      0.000      N/A
   6   10.1    11.4    0 9828997      29     214     128 ( 0.009%)   32767 ( 2.3%)   61.455     -2405.    -61.455      0.000      0.000      N/A
   7    8.2    14.9    0 8159230      21     145      78 ( 0.006%)   32916 ( 2.3%)   61.449     -2414.    -61.449      0.000      0.000      N/A
   8    4.1    19.3    0 3962229      12      69      27 ( 0.002%)   33008 ( 2.3%)   61.449     -2414.    -61.449      0.000      0.000      N/A
   9    2.5    25.1    0 2545489      10      49      15 ( 0.001%)   33093 ( 2.3%)   61.449     -2417.    -61.449      0.000      0.000      N/A
  10    1.5    32.6    0 1609050       4      16      12 ( 0.001%)   33082 ( 2.3%)   61.449     -2417.    -61.449      0.000      0.000       13
  11    0.6    42.4    0  631991       4      10      11 ( 0.001%)   33120 ( 2.3%)   61.449     -2417.    -61.449      0.000      0.000       14
  12    0.7    55.1    0  687507       4      10       6 ( 0.000%)   33121 ( 2.3%)   61.449     -2417.    -61.449      0.000      0.000       15
  13    1.7    71.7    0 1661440       3       7       9 ( 0.001%)   33174 ( 2.3%)   61.449     -2417.    -61.449      0.000      0.000       16
  14    1.4    93.2    0 1356839       3       5       6 ( 0.000%)   33178 ( 2.3%)   61.449     -2417.    -61.449      0.000      0.000       18
  15    0.5   121.1    0  534036       4       6       6 ( 0.000%)   33209 ( 2.3%)   61.449     -2417.    -61.449      0.000      0.000       22
  16    0.7   157.5    0  628315       3       7       0 ( 0.000%)   33267 ( 2.4%)   61.449     -2417.    -61.449      0.000      0.000       23
Restoring best routing
Critical path: 61.4493 ns
Successfully routed after 16 routing iterations.
Final Net Connection Criticality Histogram:
[        0:      0.1) 766 ( 61.5%) |***********************************************
[      0.1:      0.2)   0 (  0.0%) |
[      0.2:      0.3)  11 (  0.9%) |*
[      0.3:      0.4)  67 (  5.4%) |****
[      0.4:      0.5)  59 (  4.7%) |****
[      0.5:      0.6)  56 (  4.5%) |***
[      0.6:      0.7)  26 (  2.1%) |**
[      0.7:      0.8)  48 (  3.9%) |***
[      0.8:      0.9) 112 (  9.0%) |*******
[      0.9:        1) 101 (  8.1%) |******
Router Stats: total_nets_routed: 441 total_connections_routed: 4111 total_heap_pushes: 154762200 total_heap_pops: 132741176
# Routing took 158.51 seconds (max_rss 459.7 MiB, delta_rss +58.7 MiB)

Checking to ensure routing is legal...
Completed routing consistency check successfully.

Serial number (magic cookie) for the routing is: -255385117
Circuit successfully routed with a channel width factor of 100.


Average number of bends per net: 273.039  Maximum # of bends: 7019

Number of global nets: 0
Number of routed nets (nonglobal): 103
Wire length results (in units of 1 clb segments)...
	Total wirelength: 31646, average net length: 307.243
	Maximum net length: 8943

Wire length results in terms of physical segments...
	Total wiring segments used: 28624, average wire segments per net: 277.903
	Maximum segments used by a net: 7226
	Total local nets with reserved CLB opins: 0

Routing channel utilization histogram:
[        1:      inf)    0 (  0.0%) |
[      0.9:        1)   54 (  2.1%) |*
[      0.8:      0.9)    0 (  0.0%) |
[      0.7:      0.8)    6 (  0.2%) |
[      0.5:      0.6)    0 (  0.0%) |
[      0.4:      0.5)    0 (  0.0%) |
[      0.3:      0.4)   12 (  0.5%) |
[      0.2:      0.3)   90 (  3.5%) |**
[      0.1:      0.2)   54 (  2.1%) |*
[        0:      0.1) 2368 ( 91.6%) |**********************************************
Maximum routing channel utilization:         1 at (1,3)

X - Directed channels:   j max occ ave occ capacity
                      ---- ------- ------- --------
                         0       2   1.231        2
                         1     161  10.026      221
                         2       0   0.000        0
                         3      83  22.846      635
                         4      66   2.385      623
                         5      70   2.154      658
                         6      77   2.256      623
                         7      76   4.256      623
                         8      28   1.897      623
                         9      11   0.872      623
                        10      25   3.615      665
                        11     224  33.769      623
                        12     239  43.974      647
                        13     239  50.949      623
                        14     226  41.487      623
                        15     251  49.282      623
                        16     237  43.359      623
                        17     234  38.795      623
                        18     179  24.410      725
                        19     186  25.769      623
                        20      10   0.949      623
                        21       0   0.000      623
                        22       0   0.000      623
                        23       0   0.000      623
                        24       0   0.000      623
                        25       0   0.000      657
                        26       0   0.000      634
                        27       0   0.000      623
                        28       0   0.000      623
                        29       0   0.000      624
                        30       0   0.000      625
                        31       0   0.000      626
                        32       0   0.000      786
                        33       0   0.000      269
Y - Directed channels:   i max occ ave occ capacity
                      ---- ------- ------- --------
                         0       0   0.000        2
                         1      47   4.057      287
                         2       1   0.029        4
                         3     177  55.343      848
                         4      36   2.543      874
                         5      46   2.486      819
                         6      23   4.114      760
                         7      46   3.514      761
                         8       6   1.143      761
                         9      46   4.286      761
                        10      16   2.057      757
                        11      11   1.514      775
                        12      53   3.686      757
                        13      48   3.286      761
                        14      29   2.857      761
                        15      53   4.200      761
                        16     205  21.571      761
                        17     231  42.286      761
                        18     239  49.914      761
                        19     224  37.029      816
                        20     226  46.029      761
                        21     238  44.086      883
                        22     223  46.257      761
                        23     194  39.314      761
                        24     188  28.571      761
                        25      14   2.143      761
                        26      30   1.371      757
                        27       0   0.000      775
                        28       0   0.000      757
                        29       0   0.000      761
                        30       0   0.000      761
                        31       0   0.000      761
                        32       0   0.000      761
                        33       0   0.000      763
                        34       0   0.000      762
                        35       0   0.000      764
                        36       0   0.000     1024
                        37       0   0.000      164

Total tracks in x-direction: 19611, in y-direction: 27046

Logic area (in minimum width transistor areas, excludes I/Os and empty grid tiles)...
	Total logic block area (Warning, need to add pitch of routing to blocks with height > 3): 1.3515e+07
	Total used logic block area: 990000

Routing area (in minimum width transistor areas)...
	Assuming no buffer sharing (pessimistic). Total: 1.07847e+09, per logic tile: 790090.
	Assuming buffer sharing (slightly optimistic). Total: 8.38760e+08, per logic tile: 614476.


Segment usage by type (index):    name type utilization
                               ------- ---- -----------
                                  sbox    2      0.0185
                                   vcc    3      0.0901
                                   gnd    4      0.0998
                                  hop1    5       0.024
                                  hop2    6      0.0369
                                  hop3    7      0.0128
                                  hop4    8      0.0198
                                 clock    9           0
                               special   10      0.0828

Segment usage by length: length utilization
                         ------ -----------
                              1       0.019
                              2      0.0369
                              3      0.0128
                              4      0.0198


Final hold Worst Negative Slack (hWNS): 0 ns
Final hold Total Negative Slack (hTNS): 0 ns

Final hold slack histogram:
[  4.2e-09:  6.9e-09)  5 (  8.9%) |*************
[  6.9e-09:  9.5e-09)  9 ( 16.1%) |***********************
[  9.5e-09:  1.2e-08) 19 ( 33.9%) |************************************************
[  1.2e-08:  1.5e-08)  7 ( 12.5%) |******************
[  1.5e-08:  1.7e-08)  2 (  3.6%) |*****
[  1.7e-08:    2e-08)  7 ( 12.5%) |******************
[    2e-08:  2.3e-08)  0 (  0.0%) |
[  2.3e-08:  2.5e-08)  0 (  0.0%) |
[  2.5e-08:  2.8e-08)  2 (  3.6%) |*****
[  2.8e-08:  3.1e-08)  5 (  8.9%) |*************

Final critical path delay (least slack): 61.407 ns, Fmax: 16.2848 MHz
Final setup Worst Negative Slack (sWNS): -61.407 ns
Final setup Total Negative Slack (sTNS): -2414.93 ns

Final setup slack histogram:
[ -6.1e-08: -5.6e-08) 12 ( 21.4%) |**************************
[ -5.6e-08: -5.1e-08) 22 ( 39.3%) |************************************************
[ -5.1e-08: -4.6e-08)  3 (  5.4%) |*******
[ -4.6e-08:   -4e-08)  0 (  0.0%) |
[   -4e-08: -3.5e-08)  0 (  0.0%) |
[ -3.5e-08:   -3e-08)  3 (  5.4%) |*******
[   -3e-08: -2.4e-08)  4 (  7.1%) |*********
[ -2.4e-08: -1.9e-08)  3 (  5.4%) |*******
[ -1.9e-08: -1.4e-08)  1 (  1.8%) |**
[ -1.4e-08: -8.6e-09)  8 ( 14.3%) |*****************

Final geomean non-virtual intra-domain period: 61.407 ns (16.2848 MHz)
Final fanout-weighted geomean non-virtual intra-domain period: 61.407 ns (16.2848 MHz)

Incr Slack updates 1 in 7.4583e-05 sec
Full Max Req/Worst Slack updates 1 in 2.3386e-05 sec
Incr Max Req/Worst Slack updates 0 in 0 sec
Incr Criticality updates 0 in 0 sec
Full Criticality updates 1 in 9.8073e-05 sec
Flow timing analysis took 0.0498547 seconds (0.045058 STA, 0.00479667 slack) (18 full updates: 0 setup, 0 hold, 18 combined).
VPR succeeded
The entire flow of VPR took 243.37 seconds (max_rss 459.7 MiB)
Incr Slack updates 17 in 0.000904584 sec
Full Max Req/Worst Slack updates 2 in 4.4635e-05 sec
Incr Max Req/Worst Slack updates 15 in 0.000298591 sec
Incr Criticality updates 10 in 0.000674688 sec
Full Criticality updates 7 in 0.000592242 sec
