VPR FPGA Placement and Routing.
Version: 8.1.0-dev+dadca7ecf
Revision: v8.0.0-rc2-2909-gdadca7ecf
Compiled: 2023-03-27T18:00:55
Compiler: GNU 10.2.1 on Linux-5.4.0-faked aarch64
Build Info: release IPO VTR_ASSERT_LEVEL=2

University of Toronto
verilogtorouting.org
vtr-users@googlegroups.com
This is free open source code under MIT license.

VPR was run with the following command-line:
vpr /data/data/com.termux/files/home/symbiflow/quicklogic-arch-defs/share/arch/ql-eos-s3_wlcsp/arch.timing.xml fpga_assignment.eblif --device ql-eos-s3 --max_router_iterations 500 --routing_failure_predictor off --router_high_fanout_threshold -1 --constant_net_method route --route_chan_width 100 --clock_modeling route --place_delay_model delta_override --router_lookahead map --check_route quick --strict_checks off --allow_dangling_combinational_nodes on --disable_errors check_unbuffered_edges:check_route --congested_routing_iteration_threshold 0.8 --incremental_reroute_delay_ripup off --base_cost_type delay_normalized_length_bounded --bb_factor 10 --initial_pres_fac 4.0 --check_rr_graph off --suppress_warnings ,sum_pin_class:check_unbuffered_edges:load_rr_indexed_data_T_values:check_rr_node:trans_per_R:check_route:set_rr_graph_tool_comment:warn_model_missing_timing --read_rr_graph /data/data/com.termux/files/home/symbiflow/quicklogic-arch-defs/share/arch/ql-eos-s3_wlcsp/rr_graph_ql-eos-s3_wlcsp.rr_graph.real.bin --read_placement_delay_lookup /data/data/com.termux/files/home/symbiflow/quicklogic-arch-defs/share/arch/ql-eos-s3_wlcsp/rr_graph_ql-eos-s3_wlcsp.place_delay.bin --sdc_file /data/data/com.termux/files/home/fpga-examples/decoders/build/fpga_assignment_dummy.sdc --fix_clusters fpga_assignment_constraints.place --place


Architecture file: /data/data/com.termux/files/home/symbiflow/quicklogic-arch-defs/share/arch/ql-eos-s3_wlcsp/arch.timing.xml
Circuit name: fpga_assignment

# Loading Architecture Description
# Loading Architecture Description took 1.38 seconds (max_rss 36.0 MiB, delta_rss +23.2 MiB)
# Building complex block graph
# Building complex block graph took 0.34 seconds (max_rss 42.8 MiB, delta_rss +6.8 MiB)
# Load circuit
# Load circuit took 0.04 seconds (max_rss 44.6 MiB, delta_rss +1.7 MiB)
# Clean circuit
Absorbed 1039 LUT buffers
Inferred  106 additional primitive pins as constant generators since they have no combinationally connected inputs
Inferred   38 additional primitive pins as constant generators due to constant inputs
Inferred    0 additional primitive pins as constant generators since they have no combinationally connected inputs
Inferred    0 additional primitive pins as constant generators due to constant inputs
Inferred    0 additional primitive pins as constant generators since they have no combinationally connected inputs
Inferred    0 additional primitive pins as constant generators due to constant inputs
Swept input(s)      : 0
Swept output(s)     : 0 (0 dangling, 0 constant)
Swept net(s)        : 141
Swept block(s)      : 1
Constant Pins Marked: 144
# Clean circuit took 0.02 seconds (max_rss 45.4 MiB, delta_rss +0.8 MiB)
# Compress circuit
# Compress circuit took 0.00 seconds (max_rss 45.4 MiB, delta_rss +0.0 MiB)
# Verify circuit
# Verify circuit took 0.00 seconds (max_rss 45.4 MiB, delta_rss +0.0 MiB)
Circuit Statistics:
  Blocks: 136
    .output   :       7
    ASSP      :       1
    BIDIR_CELL:       7
    C_FRAG    :      33
    F_FRAG    :       4
    GND       :       1
    Q_FRAG    :      36
    T_FRAG    :      46
    VCC       :       1
  Nets  : 129
    Avg Fanout:     9.3
    Max Fanout:   547.0
    Min Fanout:     1.0
  Netlist Clocks: 1
# Build Timing Graph
  Timing Graph Nodes: 1333
  Timing Graph Edges: 2161
  Timing Graph Levels: 24
# Build Timing Graph took 0.00 seconds (max_rss 45.4 MiB, delta_rss +0.0 MiB)
Netlist contains 1 clocks
  Netlist Clock 'clk' Fanout: 36 pins (2.7%), 36 blocks (26.5%)
# Load Timing Constraints

SDC file '/data/data/com.termux/files/home/fpga-examples/decoders/build/fpga_assignment_dummy.sdc' contained no SDC commands
Setting default timing constraints:
   * constrain all primay inputs and primary outputs on netlist clock 'clk'
   * optimize netlist clock to run as fast as possible
Timing constraints created 1 clocks
  Constrained Clock 'clk' Source: 'u_qlal4s3b_cell_macro.Sys_Clk0[0]'

# Load Timing Constraints took 0.00 seconds (max_rss 45.4 MiB, delta_rss +0.0 MiB)
Timing analysis: ON
Circuit netlist file: fpga_assignment.net
Circuit placement file: fpga_assignment.place
Circuit routing file: fpga_assignment.route
Circuit SDC file: /data/data/com.termux/files/home/fpga-examples/decoders/build/fpga_assignment_dummy.sdc

Packer: ENABLED
Placer: ENABLED
Router: DISABLED
Analysis: DISABLED

NetlistOpts.abosrb_buffer_luts            : true
NetlistOpts.sweep_dangling_primary_ios    : true
NetlistOpts.sweep_dangling_nets           : true
NetlistOpts.sweep_dangling_blocks         : true
NetlistOpts.sweep_constant_primary_outputs: false
NetlistOpts.netlist_verbosity             : 1
NetlistOpts.const_gen_inference           : COMB_SEQ

PackerOpts.allow_unrelated_clustering: auto
PackerOpts.alpha_clustering: 0.750000
PackerOpts.beta_clustering: 0.900000
PackerOpts.cluster_seed_type: BLEND2
PackerOpts.connection_driven: true
PackerOpts.global_clocks: true
PackerOpts.hill_climbing_flag: false
PackerOpts.inter_cluster_net_delay: 1.000000
PackerOpts.timing_driven: true
PackerOpts.target_external_pin_util: auto

PlacerOpts.place_freq: PLACE_ONCE
PlacerOpts.place_algorithm: CRITICALITY_TIMING_PLACE
PlacerOpts.pad_loc_type: FREE
PlacerOpts.constraints_file: Using constraints file 'fpga_assignment_constraints.place'
PlacerOpts.place_cost_exp: 1.000000
PlacerOpts.place_chan_width: 100
PlacerOpts.inner_loop_recompute_divider: 0
PlacerOpts.recompute_crit_iter: 1
PlacerOpts.timing_tradeoff: 0.500000
PlacerOpts.td_place_exp_first: 1.000000
PlacerOpts.td_place_exp_last: 8.000000
PlacerOpts.delay_offset: 0.000000
PlacerOpts.delay_ramp_delta_threshold: -1
PlacerOpts.delay_ramp_slope: 0.000000
PlacerOpts.tsu_rel_margin: 1.000000
PlacerOpts.tsu_abs_margin: 0.000000
PlacerOpts.post_place_timing_report_file: 
PlacerOpts.allowed_tiles_for_delay_model: 
PlacerOpts.delay_model_reducer: MIN
PlacerOpts.delay_model_type: DELTA_OVERRIDE
PlacerOpts.rlim_escape_fraction: 0.000000
PlacerOpts.move_stats_file: 
PlacerOpts.placement_saves_per_temperature: 0
PlacerOpts.effort_scaling: CIRCUIT
PlacerOpts.place_delta_delay_matrix_calculation_method: ASTAR_ROUTE
PlaceOpts.seed: 1
AnnealSched.type: AUTO_SCHED
AnnealSched.inner_num: 1.000000

RoutingArch.directionality: BI_DIRECTIONAL
RoutingArch.switch_block_type: WILTON
RoutingArch.Fs: 3

# Load Packing
Begin loading packed FPGA netlist file.
Netlist generated from file 'fpga_assignment.net'.
Detected 2 constant generators (to see names run with higher pack verbosity)
Finished loading packed FPGA netlist file (took 0.095907 seconds).
# Load Packing took 0.10 seconds (max_rss 46.6 MiB, delta_rss +1.2 MiB)
Warning 1: Netlist contains 0 global net to non-global architecture pin connections
Warning 2: Logic block #64 ($false) has only 1 output pin '$false.GND0_GND[0]'. It may be a constant generator.
Warning 3: Logic block #65 ($true) has only 1 output pin '$true.VCC0_VCC[0]'. It may be a constant generator.

Netlist num_nets: 95
Netlist num_blocks: 66
Netlist EMPTY blocks: 0.
Netlist PB-GMUX blocks: 0.
Netlist PB-LOGIC blocks: 56.
Netlist PB-CLOCK blocks: 0.
Netlist PB-MULT blocks: 0.
Netlist PB-SDIOMUX blocks: 0.
Netlist PB-RAM blocks: 0.
Netlist PB-SYN_VCC blocks: 1.
Netlist PB-BIDIR blocks: 7.
Netlist PB-SYN_GND blocks: 1.
Netlist PB-ASSP blocks: 1.
Netlist inputs pins: 0
Netlist output pins: 21


Pb types usage...
  PB-LOGIC          : 56
   LOGIC            : 56
    FRAGS           : 56
     c_frag_modes   : 56
      SINGLE        : 33
       c_frag       : 33
      SPLIT         : 23
       b_frag       : 23
       t_frag       : 23
     f_frag         : 4
     q_frag_modes   : 36
      INT           : 27
       q_frag       : 27
      EXT           : 9
       q_frag       : 9
  PB-SYN_VCC        : 1
   VCC              : 1
  PB-BIDIR          : 7
   BIDIR            : 7
    OUTPUT          : 7
     bidir          : 7
     outpad         : 7
  PB-SYN_GND        : 1
   GND              : 1
  PB-ASSP           : 1
   ASSP             : 1

# Create Device
## Build Device Grid
FPGA sized to 39 x 35: 1365 grid tiles (ql-eos-s3)

Resource usage...
	Netlist
		0	blocks of type: PB-GMUX
	Architecture
		5	blocks of type: TL-GMUX
	Netlist
		56	blocks of type: PB-LOGIC
	Architecture
		891	blocks of type: TL-LOGIC
	Netlist
		0	blocks of type: PB-CLOCK
	Architecture
		5	blocks of type: TL-CLOCK
	Netlist
		0	blocks of type: PB-MULT
	Architecture
		2	blocks of type: TL-MULT
	Netlist
		0	blocks of type: PB-SDIOMUX
	Architecture
		14	blocks of type: TL-SDIOMUX
	Netlist
		0	blocks of type: PB-RAM
	Architecture
		4	blocks of type: TL-RAM
	Netlist
		1	blocks of type: PB-SYN_VCC
	Architecture
		1	blocks of type: TL-SYN_VCC
	Netlist
		7	blocks of type: PB-BIDIR
	Architecture
		32	blocks of type: TL-BIDIR
	Netlist
		1	blocks of type: PB-SYN_GND
	Architecture
		1	blocks of type: TL-SYN_GND
	Netlist
		1	blocks of type: PB-ASSP
	Architecture
		1	blocks of type: TL-ASSP

Device Utilization: 0.05 (target 1.00)
	Physical Tile TL-LOGIC:
	Block Utilization: 0.06 Logical Block: PB-LOGIC
	Physical Tile TL-RAM:
	Block Utilization: 0.00 Logical Block: PB-RAM
	Physical Tile TL-MULT:
	Block Utilization: 0.00 Logical Block: PB-MULT
	Physical Tile TL-BIDIR:
	Block Utilization: 0.22 Logical Block: PB-BIDIR
	Physical Tile TL-CLOCK:
	Block Utilization: 0.00 Logical Block: PB-CLOCK
	Physical Tile TL-SDIOMUX:
	Block Utilization: 0.00 Logical Block: PB-SDIOMUX
	Physical Tile TL-GMUX:
	Block Utilization: 0.00 Logical Block: PB-GMUX
	Physical Tile TL-ASSP:
	Block Utilization: 1.00 Logical Block: PB-ASSP
	Physical Tile TL-SYN_VCC:
	Block Utilization: 1.00 Logical Block: PB-SYN_VCC
	Physical Tile TL-SYN_GND:
	Block Utilization: 1.00 Logical Block: PB-SYN_GND

## Build Device Grid took 0.02 seconds (max_rss 46.7 MiB, delta_rss +0.0 MiB)
## Loading routing resource graph


## Loading routing resource graph took 2.00 seconds (max_rss 353.3 MiB, delta_rss +306.5 MiB)
  RR Graph Nodes: 1396446
  RR Graph Edges: 2337988
# Create Device took 6.98 seconds (max_rss 400.9 MiB, delta_rss +354.1 MiB)

# Computing router lookahead map
## Computing wire lookahead
Warning 4: Unable to find any sample location for segment CHANX type 'generic' (length 1)
Warning 5: Unable to find any sample location for segment CHANY type 'generic' (length 1)
Warning 6: Unable to find any sample location for segment CHANX type 'pad' (length 1)
Warning 7: Unable to find any sample location for segment CHANY type 'pad' (length 1)
## Computing wire lookahead took 74.74 seconds (max_rss 400.9 MiB, delta_rss +0.0 MiB)
## Computing src/opin lookahead
## Computing src/opin lookahead took 0.00 seconds (max_rss 400.9 MiB, delta_rss +0.0 MiB)
# Computing router lookahead map took 74.74 seconds (max_rss 400.9 MiB, delta_rss +0.0 MiB)
# Placement
## Computing placement delta delay look-up
  RR Graph Nodes: 1396446
  RR Graph Edges: 2337988
## Computing placement delta delay look-up took 3.53 seconds (max_rss 459.0 MiB, delta_rss +58.1 MiB)
Warning 8: CHANX place cost fac is 0 at 2 2
Warning 9: CHANX place cost fac is 0 at 34 34
Warning 10: CHANY place cost fac is 0 at 38 38
## Initial Placement
Reading fpga_assignment_constraints.place.

Successfully read fpga_assignment_constraints.place.

## Initial Placement took 0.00 seconds (max_rss 459.0 MiB, delta_rss +0.0 MiB)

There are 1147 point to point connections in this circuit.


BB estimate of min-dist (placement) wire length: 4835

Completed placement consistency check successfully.
Initial placement cost: 1 bb_cost: 7.17112 td_cost: 2.22165e-06
Initial placement estimated Critical Path Delay (CPD): 98.3021 ns
Initial placement estimated setup Total Negative Slack (sTNS): -3413.13 ns
Initial placement estimated setup Worst Negative Slack (sWNS): -98.3021 ns

Initial placement estimated setup slack histogram:
[ -9.8e-08: -8.9e-08) 17 ( 34.7%) |************************************************
[ -8.9e-08: -8.1e-08) 17 ( 34.7%) |************************************************
[ -8.1e-08: -7.2e-08)  0 (  0.0%) |
[ -7.2e-08: -6.3e-08)  0 (  0.0%) |
[ -6.3e-08: -5.4e-08)  0 (  0.0%) |
[ -5.4e-08: -4.5e-08)  0 (  0.0%) |
[ -4.5e-08: -3.6e-08)  1 (  2.0%) |***
[ -3.6e-08: -2.8e-08)  5 ( 10.2%) |**************
[ -2.8e-08: -1.9e-08)  4 (  8.2%) |***********
[ -1.9e-08: -9.8e-09)  5 ( 10.2%) |**************
Placement contains 0 placement macros involving 0 blocks (average macro size nan)

Moves per temperature: 266
Warning 11: Starting t: 64 of 66 configurations accepted.

---- ------ ------- ------- ---------- ---------- ------- ---------- -------- ------- ------- ------ -------- --------- ------
Tnum   Time       T Av Cost Av BB Cost Av TD Cost     CPD       sTNS     sWNS Ac Rate Std Dev  R lim Crit Exp Tot Moves  Alpha
      (sec)                                          (ns)       (ns)     (ns)                                                 
---- ------ ------- ------- ---------- ---------- ------- ---------- -------- ------- ------- ------ -------- --------- ------
   1    0.0 3.0e-01   0.986       7.28 2.1229e-06 111.223  -3.85e+03 -111.223   0.940  0.0139   38.0     1.00       266  0.200
   2    0.0 2.7e-01   1.016       7.45 2.1465e-06 126.209   -4.1e+03 -126.209   0.940  0.0257   38.0     1.00       532  0.900
   3    0.0 2.5e-01   0.948       7.33 2.0835e-06 125.362   -4.1e+03 -125.362   0.955  0.0465   38.0     1.00       798  0.900
   4    0.0 2.2e-01   1.062       7.21 2.1771e-06 105.287  -3.62e+03 -105.287   0.951  0.0325   38.0     1.00      1064  0.900
   5    0.0 2.0e-01   0.967       7.07 2.0648e-06 111.845  -3.69e+03 -111.845   0.929  0.0351   38.0     1.00      1330  0.900
   6    0.0 1.8e-01   1.054       7.21 2.0988e-06 131.207  -4.46e+03 -131.207   0.944  0.0309   38.0     1.00      1596  0.900
   7    0.0 1.6e-01   1.024       7.13 2.0657e-06 122.660  -4.11e+03 -122.660   0.940  0.0237   38.0     1.00      1862  0.900
   8    0.0 1.4e-01   1.014       7.24 2.1252e-06 114.480  -3.88e+03 -114.480   0.944  0.0257   38.0     1.00      2128  0.900
   9    0.0 1.3e-01   1.015       7.12 2.0933e-06 113.486  -3.75e+03 -113.486   0.944  0.0229   38.0     1.00      2394  0.900
  10    0.0 1.2e-01   1.018       7.08 2.0235e-06 119.288  -3.85e+03 -119.288   0.921  0.0241   38.0     1.00      2660  0.900
  11    0.0 1.1e-01   1.018       7.16 2.2165e-06 105.146  -3.55e+03 -105.146   0.932  0.0280   38.0     1.00      2926  0.900
  12    0.0 9.5e-02   1.013       7.17 2.1289e-06 112.875  -3.83e+03 -112.875   0.917  0.0436   38.0     1.00      3192  0.900
  13    0.0 8.6e-02   1.041       7.26 2.0644e-06 120.114  -4.01e+03 -120.114   0.898  0.0537   38.0     1.00      3458  0.900
  14    0.0 7.7e-02   1.054       7.31 2.1529e-06 107.358  -3.65e+03 -107.358   0.917  0.0320   38.0     1.00      3724  0.900
  15    0.0 6.9e-02   0.979       7.16 2.1186e-06 114.143  -3.95e+03 -114.143   0.921  0.0362   38.0     1.00      3990  0.900
  16    0.0 6.2e-02   1.006       6.84 1.9846e-06 107.402  -3.64e+03 -107.402   0.925  0.0266   38.0     1.00      4256  0.900
  17    0.0 5.6e-02   1.018       7.14 2.0305e-06 121.472  -3.96e+03 -121.472   0.895  0.0179   38.0     1.00      4522  0.900
  18    0.0 5.0e-02   1.010       7.16 2.1785e-06 102.332  -3.44e+03 -102.332   0.917  0.0201   38.0     1.00      4788  0.900
  19    0.0 4.5e-02   1.014       7.10 2.1366e-06 108.799  -3.59e+03 -108.799   0.902  0.0176   38.0     1.00      5054  0.900
  20    0.0 4.1e-02   0.990       7.02 2.1501e-06 109.923  -3.69e+03 -109.923   0.887  0.0243   38.0     1.00      5320  0.900
  21    0.0 3.7e-02   0.995       6.94 2.0079e-06 107.060  -3.46e+03 -107.060   0.865  0.0179   38.0     1.00      5586  0.900
  22    0.0 3.3e-02   1.022       7.15 2.1227e-06 113.427  -3.82e+03 -113.427   0.857  0.0348   38.0     1.00      5852  0.900
  23    0.0 3.0e-02   1.025       7.21 2.1987e-06 109.730  -3.73e+03 -109.730   0.835  0.0181   38.0     1.00      6118  0.900
  24    0.0 2.7e-02   1.023       7.14 2.2007e-06 106.197  -3.54e+03 -106.197   0.902  0.0235   38.0     1.00      6384  0.900
  25    0.0 2.4e-02   0.943       7.05 2.1685e-06 107.199  -3.58e+03 -107.199   0.902  0.0332   38.0     1.00      6650  0.900
  26    0.0 2.2e-02   0.992       7.01 2.1082e-06 105.306  -3.64e+03 -105.306   0.801  0.0271   38.0     1.00      6916  0.900
  27    0.0 2.0e-02   0.994       6.81 2.0046e-06 110.631  -3.77e+03 -110.631   0.823  0.0287   38.0     1.00      7182  0.900
  28    0.0 1.8e-02   0.958       6.61 2.0457e-06  99.524  -3.36e+03  -99.524   0.793  0.0306   38.0     1.00      7448  0.900
  29    0.0 1.7e-02   1.047       6.65 2.0468e-06 107.570  -3.61e+03 -107.570   0.831  0.0380   38.0     1.00      7714  0.950
  30    0.0 1.5e-02   1.009       6.93 1.9716e-06 120.053  -4.16e+03 -120.053   0.771  0.0220   38.0     1.00      7980  0.900
  31    0.0 1.4e-02   0.987       6.80 2.1272e-06  99.794  -3.54e+03  -99.794   0.782  0.0253   38.0     1.00      8246  0.950
  32    0.0 1.4e-02   0.975       6.74 1.9678e-06 108.503  -3.61e+03 -108.503   0.744  0.0261   38.0     1.00      8512  0.950
  33    0.0 1.3e-02   1.028       6.73 1.9396e-06 108.207  -3.68e+03 -108.207   0.729  0.0309   38.0     1.00      8778  0.950
  34    0.0 1.2e-02   1.029       6.59 1.9373e-06 108.607  -3.64e+03 -108.607   0.718  0.0296   38.0     1.00      9044  0.950
  35    0.0 1.2e-02   0.982       6.62 1.969e-06  100.631  -3.42e+03 -100.631   0.722  0.0273   38.0     1.00      9310  0.950
  36    0.0 1.1e-02   1.101       6.52 1.9077e-06 103.567  -3.42e+03 -103.567   0.669  0.0504   38.0     1.00      9576  0.950
  37    0.0 1.1e-02   0.979       6.72 2.0275e-06 102.772  -3.43e+03 -102.772   0.729  0.0201   38.0     1.00      9842  0.950
  38    0.0 1.0e-02   0.994       6.72 1.9755e-06 108.239  -3.69e+03 -108.239   0.703  0.0117   38.0     1.00     10108  0.950
  39    0.0 9.5e-03   0.953       6.31 1.9046e-06 104.978  -3.61e+03 -104.978   0.643  0.0210   38.0     1.00     10374  0.950
  40    0.0 9.0e-03   1.008       6.40 1.9157e-06  95.578  -3.24e+03  -95.578   0.692  0.0278   38.0     1.00     10640  0.950
  41    0.0 8.6e-03   1.011       6.30 1.8071e-06  99.888  -3.23e+03  -99.888   0.647  0.0177   38.0     1.00     10906  0.950
  42    0.0 8.1e-03   1.042       6.38 1.8122e-06 114.565  -3.85e+03 -114.565   0.609  0.0480   38.0     1.00     11172  0.950
  43    0.0 7.7e-03   1.006       6.67 1.9797e-06 111.000  -3.82e+03 -111.000   0.590  0.0424   38.0     1.00     11438  0.950
  44    0.0 7.3e-03   0.987       5.87 1.8179e-06  96.669  -3.35e+03  -96.669   0.523  0.0225   38.0     1.00     11704  0.950
  45    0.0 7.0e-03   0.973       5.61 1.7634e-06  94.625  -3.24e+03  -94.625   0.451  0.0370   38.0     1.00     11970  0.950
  46    0.0 6.6e-03   0.996       5.36 1.6028e-06  95.387   -3.2e+03  -95.387   0.406  0.0188   38.0     1.00     12236  0.950
  47    0.0 6.3e-03   0.985       5.63 1.5709e-06  89.280  -2.97e+03  -89.280   0.474  0.0240   36.7     1.24     12502  0.950
  48    0.0 6.0e-03   0.988       5.51 1.6748e-06  93.367  -3.22e+03  -93.367   0.429  0.0219   37.9     1.01     12768  0.950
  49    0.0 5.7e-03   0.999       5.69 1.5903e-06 102.572   -3.5e+03 -102.572   0.440  0.0186   37.5     1.09     13034  0.950
  50    0.0 5.4e-03   0.972       5.49 1.5599e-06 104.636  -3.38e+03 -104.636   0.398  0.0192   37.5     1.09     13300  0.950
  51    0.0 5.1e-03   0.988       5.48 1.5276e-06  84.720   -2.9e+03  -84.720   0.383  0.0155   35.9     1.39     13566  0.950
  52    0.0 4.9e-03   0.996       5.30 1.3466e-06  86.709  -2.95e+03  -86.709   0.383  0.0188   33.9     1.77     13832  0.950
  53    0.0 4.6e-03   1.011       5.35 1.263e-06   94.450   -3.1e+03  -94.450   0.308  0.0186   32.0     2.14     14098  0.950
  54    0.0 4.4e-03   0.985       5.31 9.9848e-07  89.592  -2.89e+03  -89.592   0.357  0.0235   27.8     2.93     14364  0.950
  55    0.0 4.2e-03   1.002       5.17 8.822e-07   87.915  -2.96e+03  -87.915   0.316  0.0092   25.5     3.37     14630  0.950
  56    0.0 4.0e-03   0.989       5.03 8.7224e-07  91.612  -3.13e+03  -91.612   0.293  0.0176   22.3     3.97     14896  0.950
  57    0.0 3.8e-03   0.975       4.83 9.1578e-07  80.930   -2.9e+03  -80.930   0.323  0.0395   19.0     4.59     15162  0.950
  58    0.0 3.6e-03   0.955       4.34 7.3359e-07  72.105  -2.56e+03  -72.105   0.233  0.0246   16.8     5.01     15428  0.950
  59    0.0 3.4e-03   0.969       4.05 6.456e-07   75.642  -2.58e+03  -75.642   0.259  0.0168   13.3     5.67     15694  0.950
  60    0.0 3.2e-03   0.971       3.96 5.9978e-07  74.015  -2.57e+03  -74.015   0.267  0.0198   10.9     6.12     15960  0.950
  61    0.0 3.1e-03   1.001       3.82 6.4713e-07  65.717  -2.34e+03  -65.717   0.252  0.0068    9.0     6.48     16226  0.950
  62    0.0 2.9e-03   0.993       3.80 5.5588e-07  64.584  -2.26e+03  -64.584   0.278  0.0079    7.3     6.80     16492  0.950
  63    0.0 2.8e-03   1.003       3.93 4.8012e-07  70.933  -2.47e+03  -70.933   0.372  0.0215    6.2     7.03     16758  0.950
  64    0.0 2.6e-03   1.004       3.65 5.2916e-07  68.955  -2.44e+03  -68.955   0.387  0.0102    5.7     7.10     17024  0.950
  65    0.0 2.5e-03   1.001       3.63 4.1781e-07  72.289  -2.48e+03  -72.289   0.383  0.0080    5.4     7.16     17290  0.950
  66    0.0 2.4e-03   0.994       3.57 4.5498e-07  75.070  -2.65e+03  -75.070   0.391  0.0110    5.1     7.22     17556  0.950
  67    0.0 2.3e-03   0.975       3.42 4.948e-07   73.178  -2.55e+03  -73.178   0.346  0.0148    4.9     7.27     17822  0.950
  68    0.0 2.1e-03   1.007       3.39 5.3053e-07  68.093  -2.39e+03  -68.093   0.335  0.0115    4.4     7.35     18088  0.950
  69    0.0 2.0e-03   0.990       3.36 4.8995e-07  65.131  -2.27e+03  -65.131   0.429  0.0122    3.9     7.44     18354  0.950
  70    0.0 1.9e-03   0.990       3.45 4.2621e-07  69.545  -2.42e+03  -69.545   0.297  0.0112    3.9     7.45     18620  0.950
  71    0.0 1.8e-03   0.996       3.37 4.7721e-07  66.055  -2.31e+03  -66.055   0.316  0.0086    3.3     7.56     18886  0.950
  72    0.0 1.7e-03   0.988       3.34 5.6566e-07  61.188  -2.22e+03  -61.188   0.417  0.0044    2.9     7.63     19152  0.950
  73    0.0 1.7e-03   0.971       3.25 4.4575e-07  66.078  -2.32e+03  -66.078   0.402  0.0102    2.9     7.65     19418  0.950
  74    0.0 1.6e-03   0.989       3.20 5.1026e-07  60.754  -2.16e+03  -60.754   0.387  0.0079    2.8     7.67     19684  0.950
  75    0.0 1.5e-03   0.997       3.16 4.7215e-07  60.123  -2.12e+03  -60.123   0.353  0.0057    2.6     7.70     19950  0.950
  76    0.0 1.4e-03   1.005       3.15 4.847e-07   60.188  -2.12e+03  -60.188   0.357  0.0061    2.4     7.74     20216  0.950
  77    0.0 1.4e-03   0.986       3.11 4.7696e-07  59.779  -2.14e+03  -59.779   0.286  0.0058    2.2     7.78     20482  0.950
  78    0.0 1.3e-03   0.994       3.10 3.9781e-07  61.094  -2.12e+03  -61.094   0.380  0.0051    1.8     7.84     20748  0.950
  79    0.0 1.2e-03   0.995       3.05 4.7469e-07  59.110   -2.1e+03  -59.110   0.380  0.0066    1.7     7.86     21014  0.950
  80    0.0 1.2e-03   0.997       3.02 4.5335e-07  61.467  -2.18e+03  -61.467   0.335  0.0028    1.6     7.88     21280  0.950
  81    0.0 1.1e-03   0.990       3.03 4.551e-07   59.217  -2.12e+03  -59.217   0.350  0.0045    1.5     7.91     21546  0.950
  82    0.0 1.0e-03   1.001       3.07 4.801e-07   59.754  -2.12e+03  -59.754   0.383  0.0020    1.3     7.94     21812  0.950
  83    0.0 9.9e-04   0.977       2.98 4.6025e-07  60.045  -2.14e+03  -60.045   0.335  0.0101    1.3     7.95     22078  0.950
  84    0.0 9.4e-04   0.999       2.93 4.7276e-07  61.203  -2.18e+03  -61.203   0.368  0.0033    1.1     7.98     22344  0.950
  85    0.0 9.0e-04   0.981       2.89 4.3086e-07  61.033  -2.16e+03  -61.033   0.316  0.0088    1.0     7.99     22610  0.950
  86    0.0 8.5e-04   1.001       2.90 4.3083e-07  60.680  -2.15e+03  -60.680   0.308  0.0025    1.0     8.00     22876  0.950
  87    0.0 8.1e-04   0.998       2.88 4.9872e-07  58.378  -2.13e+03  -58.378   0.293  0.0035    1.0     8.00     23142  0.950
  88    0.0 7.7e-04   0.992       2.87 4.8196e-07  57.382  -2.08e+03  -57.382   0.259  0.0031    1.0     8.00     23408  0.950
  89    0.0 7.3e-04   0.996       2.85 4.2862e-07  60.085  -2.14e+03  -60.085   0.282  0.0025    1.0     8.00     23674  0.950
  90    0.0 6.9e-04   1.000       2.83 3.8061e-07  58.436  -2.08e+03  -58.436   0.211  0.0015    1.0     8.00     23940  0.950
  91    0.0 6.6e-04   0.997       2.85 4.0287e-07  59.485  -2.13e+03  -59.485   0.271  0.0030    1.0     8.00     24206  0.950
  92    0.0 6.3e-04   0.992       2.81 4.4577e-07  57.824  -2.09e+03  -57.824   0.233  0.0045    1.0     8.00     24472  0.950
  93    0.0 5.9e-04   0.997       2.82 4.532e-07   56.844  -2.03e+03  -56.844   0.203  0.0019    1.0     8.00     24738  0.950
  94    0.0 5.6e-04   0.999       2.83 3.7786e-07  58.886  -2.06e+03  -58.886   0.207  0.0033    1.0     8.00     25004  0.950
  95    0.0 5.4e-04   0.996       2.81 4.4831e-07  56.462  -2.02e+03  -56.462   0.207  0.0014    1.0     8.00     25270  0.950
  96    0.0 5.1e-04   0.996       2.83 4.248e-07   58.506  -2.07e+03  -58.506   0.150  0.0057    1.0     8.00     25536  0.950
  97    0.0 4.8e-04   0.997       2.82 4.5426e-07  56.644  -2.05e+03  -56.644   0.203  0.0021    1.0     8.00     25802  0.950
  98    0.0 4.6e-04   1.001       2.81 4.511e-07   56.461  -2.03e+03  -56.461   0.132  0.0014    1.0     8.00     26068  0.950
  99    0.0 3.7e-04   0.994       2.79 4.5884e-07  56.798  -2.01e+03  -56.798   0.094  0.0042    1.0     8.00     26334  0.800
 100    0.0 2.9e-04   0.996       2.77 3.9912e-07  57.083  -2.01e+03  -57.083   0.060  0.0010    1.0     8.00     26600  0.800
 101    0.0 2.4e-04   0.998       2.76 4.3187e-07  56.062  -1.99e+03  -56.062   0.045  0.0010    1.0     8.00     26866  0.800
 102    0.0 1.9e-04   1.000       2.77 4.4874e-07  55.542  -1.97e+03  -55.542   0.053  0.0007    1.0     8.00     27132  0.800
 103    0.0 1.5e-04   0.998       2.77 4.499e-07   55.386  -1.99e+03  -55.386   0.026  0.0008    1.0     8.00     27398  0.800
 104    0.0 1.2e-04   1.000       2.77 4.5158e-07  55.379  -1.98e+03  -55.379   0.023  0.0002    1.0     8.00     27664  0.800
 105    0.0 9.6e-05   0.999       2.77 4.4932e-07  54.628  -1.96e+03  -54.628   0.019  0.0005    1.0     8.00     27930  0.800
 106    0.0 7.7e-05   0.999       2.77 4.4941e-07  54.628  -1.96e+03  -54.628   0.026  0.0003    1.0     8.00     28196  0.800
 107    0.0 6.2e-05   0.998       2.76 4.4892e-07  54.628  -1.96e+03  -54.628   0.030  0.0008    1.0     8.00     28462  0.800
 108    0.0 0.0e+00   0.999       2.76 4.4984e-07  55.379  -1.98e+03  -55.379   0.019  0.0005    1.0     8.00     28728  0.800
## Placement Quench took 0.00 seconds (max_rss 459.0 MiB)

BB estimate of min-dist (placement) wire length: 1752

Completed placement consistency check successfully.

Swaps called: 28794

Aborted Move Reasons:
  No moves aborted

Placement estimated critical path delay (least slack): 55.3786 ns, Fmax: 18.0575 MHz
Placement estimated setup Worst Negative Slack (sWNS): -55.3786 ns
Placement estimated setup Total Negative Slack (sTNS): -1982.08 ns

Placement estimated setup slack histogram:
[ -5.5e-08: -5.1e-08) 13 ( 26.5%) |******************************
[ -5.1e-08: -4.6e-08) 21 ( 42.9%) |************************************************
[ -4.6e-08: -4.1e-08)  0 (  0.0%) |
[ -4.1e-08: -3.7e-08)  0 (  0.0%) |
[ -3.7e-08: -3.2e-08)  0 (  0.0%) |
[ -3.2e-08: -2.7e-08)  1 (  2.0%) |**
[ -2.7e-08: -2.2e-08)  5 ( 10.2%) |***********
[ -2.2e-08: -1.8e-08)  0 (  0.0%) |
[ -1.8e-08: -1.3e-08)  2 (  4.1%) |*****
[ -1.3e-08: -8.2e-09)  7 ( 14.3%) |****************

Placement estimated geomean non-virtual intra-domain period: 55.3786 ns (18.0575 MHz)
Placement estimated fanout-weighted geomean non-virtual intra-domain period: 55.3786 ns (18.0575 MHz)

Placement cost: 0.998693, bb_cost: 2.75866, td_cost: 4.48355e-07, 

Placement resource usage:
  PB-LOGIC   implemented as TL-LOGIC  : 56
  PB-SYN_VCC implemented as TL-SYN_VCC: 1
  PB-BIDIR   implemented as TL-BIDIR  : 7
  PB-SYN_GND implemented as TL-SYN_GND: 1
  PB-ASSP    implemented as TL-ASSP   : 1

Placement number of temperatures: 108
Placement total # of swap attempts: 28794
	Swaps accepted: 14510 (50.4 %)
	Swaps rejected: 12846 (44.6 %)
	Swaps aborted :  1438 ( 5.0 %)
Placement Quench timing analysis took 0.000681979 seconds (0.000540364 STA, 0.000141615 slack) (1 full updates: 1 setup, 0 hold, 0 combined).
Placement Total  timing analysis took 0.0813878 seconds (0.0647154 STA, 0.0166724 slack) (110 full updates: 110 setup, 0 hold, 0 combined).
update_td_costs: connections 0 nets 0 sum_nets 0 total 0
# Placement took 3.90 seconds (max_rss 459.0 MiB, delta_rss +58.1 MiB)

Flow timing analysis took 0.0813878 seconds (0.0647154 STA, 0.0166724 slack) (110 full updates: 110 setup, 0 hold, 0 combined).
VPR succeeded
The entire flow of VPR took 87.64 seconds (max_rss 459.0 MiB)
Incr Slack updates 110 in 0.00409739 sec
Full Max Req/Worst Slack updates 87 in 0.0012962 sec
Incr Max Req/Worst Slack updates 23 in 0.000365679 sec
Incr Criticality updates 3 in 0.000173959 sec
Full Criticality updates 107 in 0.00734 sec
